gpasm-1.4.0 #1106 (Oct  6 2014) obj\Debug\mai   11-16-2020  18:20:45        PAGE  1


LOC    OBJECT CODE    LINE  SOURCE TEXT
  VALUE

                      00001 ;--------------------------------------------------------
                      00002 ; File Created by SDCC : free open source ANSI-C Compiler
                      00003 ; Version 3.5.0 #9253 (Jun 20 2015) (MINGW32)
                      00004 ; This file was generated Mon Nov 16 18:20:45 2020
                      00005 ;--------------------------------------------------------
                      00006 ; PIC port for the 14-bit core
                      00007 ;--------------------------------------------------------
                      00008         .file   "main.c"
                      00009         list    p=16f877a
                      00010         radix dec
                      00011         include "p16f877a.inc"
                      00001         LIST
                      00002 
                      00003 ;==========================================================================
                      00004 ; Build date : Aug 07 2014
                      00005 ;  MPASM PIC16F877A processor include
                      00006 ; 
                      00007 ;  (c) Copyright 1999-2014 Microchip Technology, All rights reserved
                      00008 ;==========================================================================
                      00009 
                      00567         LIST
                      00012 ;--------------------------------------------------------
                      00013 ; external declarations
                      00014 ;--------------------------------------------------------
  0000                00015         extern  _Delay_MS
  0000                00016         extern  _LED_Init
  0000                00017         extern  _SET_State
  0000                00018         extern  _LED_GetState
  0000                00019         extern  _LED_Toggle
  0000                00020         extern  _STATUSbits
  0000                00021         extern  _PORTAbits
  0000                00022         extern  _PORTBbits
  0000                00023         extern  _PORTCbits
  0000                00024         extern  _PORTDbits
  0000                00025         extern  _PORTEbits
  0000                00026         extern  _INTCONbits
  0000                00027         extern  _PIR1bits
  0000                00028         extern  _PIR2bits
  0000                00029         extern  _T1CONbits
  0000                00030         extern  _T2CONbits
  0000                00031         extern  _SSPCONbits
  0000                00032         extern  _CCP1CONbits
  0000                00033         extern  _RCSTAbits
  0000                00034         extern  _CCP2CONbits
  0000                00035         extern  _ADCON0bits
  0000                00036         extern  _OPTION_REGbits
  0000                00037         extern  _TRISAbits
  0000                00038         extern  _TRISBbits
  0000                00039         extern  _TRISCbits
  0000                00040         extern  _TRISDbits
  0000                00041         extern  _TRISEbits
  0000                00042         extern  _PIE1bits
  0000                00043         extern  _PIE2bits
gpasm-1.4.0 #1106 (Oct  6 2014) obj\Debug\mai   11-16-2020  18:20:45        PAGE  2


LOC    OBJECT CODE    LINE  SOURCE TEXT
  VALUE

  0000                00044         extern  _PCONbits
  0000                00045         extern  _SSPCON2bits
  0000                00046         extern  _SSPSTATbits
  0000                00047         extern  _TXSTAbits
  0000                00048         extern  _CMCONbits
  0000                00049         extern  _CVRCONbits
  0000                00050         extern  _ADCON1bits
  0000                00051         extern  _EECON1bits
  0000                00052         extern  _INDF
  0000                00053         extern  _TMR0
  0000                00054         extern  _PCL
  0000                00055         extern  _STATUS
  0000                00056         extern  _FSR
  0000                00057         extern  _PORTA
  0000                00058         extern  _PORTB
  0000                00059         extern  _PORTC
  0000                00060         extern  _PORTD
  0000                00061         extern  _PORTE
  0000                00062         extern  _PCLATH
  0000                00063         extern  _INTCON
  0000                00064         extern  _PIR1
  0000                00065         extern  _PIR2
  0000                00066         extern  _TMR1
  0000                00067         extern  _TMR1L
  0000                00068         extern  _TMR1H
  0000                00069         extern  _T1CON
  0000                00070         extern  _TMR2
  0000                00071         extern  _T2CON
  0000                00072         extern  _SSPBUF
  0000                00073         extern  _SSPCON
  0000                00074         extern  _CCPR1
  0000                00075         extern  _CCPR1L
  0000                00076         extern  _CCPR1H
  0000                00077         extern  _CCP1CON
  0000                00078         extern  _RCSTA
  0000                00079         extern  _TXREG
  0000                00080         extern  _RCREG
  0000                00081         extern  _CCPR2
  0000                00082         extern  _CCPR2L
  0000                00083         extern  _CCPR2H
  0000                00084         extern  _CCP2CON
  0000                00085         extern  _ADRESH
  0000                00086         extern  _ADCON0
  0000                00087         extern  _OPTION_REG
  0000                00088         extern  _TRISA
  0000                00089         extern  _TRISB
  0000                00090         extern  _TRISC
  0000                00091         extern  _TRISD
  0000                00092         extern  _TRISE
  0000                00093         extern  _PIE1
  0000                00094         extern  _PIE2
  0000                00095         extern  _PCON
  0000                00096         extern  _SSPCON2
gpasm-1.4.0 #1106 (Oct  6 2014) obj\Debug\mai   11-16-2020  18:20:45        PAGE  3


LOC    OBJECT CODE    LINE  SOURCE TEXT
  VALUE

  0000                00097         extern  _PR2
  0000                00098         extern  _SSPADD
  0000                00099         extern  _SSPSTAT
  0000                00100         extern  _TXSTA
  0000                00101         extern  _SPBRG
  0000                00102         extern  _CMCON
  0000                00103         extern  _CVRCON
  0000                00104         extern  _ADRESL
  0000                00105         extern  _ADCON1
  0000                00106         extern  _EEDATA
  0000                00107         extern  _EEADR
  0000                00108         extern  _EEDATH
  0000                00109         extern  _EEADRH
  0000                00110         extern  _EECON1
  0000                00111         extern  _EECON2
  0000                00112         extern  __sdcc_gsinit_startup
                      00113 ;--------------------------------------------------------
                      00114 ; global declarations
                      00115 ;--------------------------------------------------------
  0000                00116         global  _main
                      00117 
  0000                00118         global PSAVE
  0000                00119         global SSAVE
  0000                00120         global WSAVE
  0000                00121         global STK12
  0000                00122         global STK11
  0000                00123         global STK10
  0000                00124         global STK09
  0000                00125         global STK08
  0000                00126         global STK07
  0000                00127         global STK06
  0000                00128         global STK05
  0000                00129         global STK04
  0000                00130         global STK03
  0000                00131         global STK02
  0000                00132         global STK01
  0000                00133         global STK00
                      00134 
                      00135 sharebank udata_ovr 0x0070
0070                  00136 PSAVE   res 1
0071                  00137 SSAVE   res 1
0072                  00138 WSAVE   res 1
0073                  00139 STK12   res 1
0074                  00140 STK11   res 1
0075                  00141 STK10   res 1
0076                  00142 STK09   res 1
0077                  00143 STK08   res 1
0078                  00144 STK07   res 1
0079                  00145 STK06   res 1
007A                  00146 STK05   res 1
007B                  00147 STK04   res 1
007C                  00148 STK03   res 1
007D                  00149 STK02   res 1
gpasm-1.4.0 #1106 (Oct  6 2014) obj\Debug\mai   11-16-2020  18:20:45        PAGE  4


LOC    OBJECT CODE    LINE  SOURCE TEXT
  VALUE

007E                  00150 STK01   res 1
007F                  00151 STK00   res 1
                      00152 
                      00153 ;--------------------------------------------------------
                      00154 ; global definitions
                      00155 ;--------------------------------------------------------
                      00156 ;--------------------------------------------------------
                      00157 ; absolute symbol definitions
                      00158 ;--------------------------------------------------------
                      00159 ;--------------------------------------------------------
                      00160 ; compiler-defined variables
                      00161 ;--------------------------------------------------------
                      00162 ;--------------------------------------------------------
                      00163 ; initialized data
                      00164 ;--------------------------------------------------------
                      00165 ;--------------------------------------------------------
                      00166 ; overlayable items in internal ram 
                      00167 ;--------------------------------------------------------
                      00168 ;       udata_ovr
                      00169 ;--------------------------------------------------------
                      00170 ; reset vector 
                      00171 ;--------------------------------------------------------
                      00172 STARTUP code 0x0000
0000   0000           00173         nop
0001   ???? ????      00174         pagesel __sdcc_gsinit_startup
0003   2???           00175         goto    __sdcc_gsinit_startup
                      00176 ;--------------------------------------------------------
                      00177 ; code
                      00178 ;--------------------------------------------------------
                      00179 code_main       code
                      00180 ;***
                      00181 ;  pBlock Stats: dbName = M
                      00182 ;***
                      00183 ;entry:  _main  ;Function start
                      00184 ; 2 exit points
                      00185 ;has an exit
                      00186 ;functions called:
                      00187 ;   _LED_Init
                      00188 ;   _LED_Init
                      00189 ;   _LED_Toggle
                      00190 ;   _LED_Toggle
                      00191 ;   _Delay_MS
                      00192 ;   _LED_Init
                      00193 ;   _LED_Init
                      00194 ;   _LED_Toggle
                      00195 ;   _LED_Toggle
                      00196 ;   _Delay_MS
                      00197 ;1 compiler assigned register :
                      00198 ;   STK00
                      00199 ;; Starting pCode block
                      00200 ;;; /home/sdcc-builder/build/sdcc-build/orig/sdcc/src/pic14/gen.c:2316:resultRemat *{*
                      00201 ;;; /home/sdcc-builder/build/sdcc-build/orig/sdcc/src/pic14/gen.c:2760:genLabel *{*
                      00202 ;; ***  genLabel  2763
gpasm-1.4.0 #1106 (Oct  6 2014) obj\Debug\mai   11-16-2020  18:20:45        PAGE  5


LOC    OBJECT CODE    LINE  SOURCE TEXT
  VALUE

                      00203 ;;; /home/sdcc-builder/build/sdcc-build/orig/sdcc/src/pic14/gen.c:2316:resultRemat *{*
                      00204 ;;; /home/sdcc-builder/build/sdcc-build/orig/sdcc/src/pic14/gen.c:2340:genFunction *{*
                      00205 ;; ***  genFunction  2342 curr label offset=0previous max_key=0 
0000                  00206 _main   ;Function start
                      00207 ; 2 exit points
                      00208 ;;; /home/sdcc-builder/build/sdcc-build/orig/sdcc/src/pic14/gen.c:2316:resultRemat *{*
                      00209 ;;; /home/sdcc-builder/build/sdcc-build/orig/sdcc/src/pic14/gen.c:2316:resultRemat *{*
                      00210 ;;; /home/sdcc-builder/build/sdcc-build/orig/sdcc/src/pic14/gen.c:2316:resultRemat *{*
                      00211 ;;; /home/sdcc-builder/build/sdcc-build/orig/sdcc/src/pic14/gen.c:2086:genCall *{*
                      00212 ;; ***  genCall  2088
                      00213 ;;; /home/sdcc-builder/build/sdcc-build/orig/sdcc/src/pic14/gen.c:1801:saveRegisters *{*
                      00214 ;; ***  saveRegisters  1803
                      00215 ;;      2135 left AOP_LIT
                      00216 ;;; /home/sdcc-builder/build/sdcc-build/orig/sdcc/src/pic14/gen.c:1343:mov2w_op *{*
                      00217 ;; >>> /home/sdcc-builder/build/sdcc-build/orig/sdcc/src/pic14/gen.c:1361:mov2w_op
                      00218         .line   9; "main.c"     LED_Init(LED_2 , LED_OFF);
0000   3000           00219         MOVLW   0x00
                      00220 ;;      2135 left AOP_LIT
                      00221 ;; >>> /home/sdcc-builder/build/sdcc-build/orig/sdcc/src/pic14/gen.c:2143:genCall
                      00222 ;; ***  popRegFromIdx,1042  , rIdx=0x7f
0001   00??           00223         MOVWF   STK00
                      00224 ;;; /home/sdcc-builder/build/sdcc-build/orig/sdcc/src/pic14/gen.c:1343:mov2w_op *{*
                      00225 ;; >>> /home/sdcc-builder/build/sdcc-build/orig/sdcc/src/pic14/gen.c:1361:mov2w_op
0002   3001           00226         MOVLW   0x01
                      00227 ;; >>> /home/sdcc-builder/build/sdcc-build/orig/sdcc/src/pic14/gen.c:2173:genCall
0003   ???? ????      00228         PAGESEL _LED_Init
                      00229 ;; >>> /home/sdcc-builder/build/sdcc-build/orig/sdcc/src/pic14/gen.c:2175:genCall
0005   2???           00230         CALL    _LED_Init
                      00231 ;; >>> /home/sdcc-builder/build/sdcc-build/orig/sdcc/src/pic14/gen.c:2181:genCall
0006   ???? ????      00232         PAGESEL $
                      00233 ;;; /home/sdcc-builder/build/sdcc-build/orig/sdcc/src/pic14/gen.c:1845:unsaveRegisters *{*
                      00234 ;; ***  unsaveRegisters  1847
                      00235 ;;; /home/sdcc-builder/build/sdcc-build/orig/sdcc/src/pic14/gen.c:2316:resultRemat *{*
                      00236 ;;; /home/sdcc-builder/build/sdcc-build/orig/sdcc/src/pic14/gen.c:2316:resultRemat *{*
                      00237 ;;; /home/sdcc-builder/build/sdcc-build/orig/sdcc/src/pic14/gen.c:2316:resultRemat *{*
                      00238 ;;; /home/sdcc-builder/build/sdcc-build/orig/sdcc/src/pic14/gen.c:2086:genCall *{*
                      00239 ;; ***  genCall  2088
                      00240 ;;; /home/sdcc-builder/build/sdcc-build/orig/sdcc/src/pic14/gen.c:1801:saveRegisters *{*
                      00241 ;; ***  saveRegisters  1803
                      00242 ;;      2135 left AOP_LIT
                      00243 ;;; /home/sdcc-builder/build/sdcc-build/orig/sdcc/src/pic14/gen.c:1343:mov2w_op *{*
                      00244 ;; >>> /home/sdcc-builder/build/sdcc-build/orig/sdcc/src/pic14/gen.c:1361:mov2w_op
                      00245         .line   10; "main.c"    LED_Init(LED_3 , LED_OFF);
0008   3000           00246         MOVLW   0x00
                      00247 ;;      2135 left AOP_LIT
                      00248 ;; >>> /home/sdcc-builder/build/sdcc-build/orig/sdcc/src/pic14/gen.c:2143:genCall
                      00249 ;; ***  popRegFromIdx,1042  , rIdx=0x7f
0009   00??           00250         MOVWF   STK00
                      00251 ;;; /home/sdcc-builder/build/sdcc-build/orig/sdcc/src/pic14/gen.c:1343:mov2w_op *{*
                      00252 ;; >>> /home/sdcc-builder/build/sdcc-build/orig/sdcc/src/pic14/gen.c:1361:mov2w_op
000A   3002           00253         MOVLW   0x02
                      00254 ;; >>> /home/sdcc-builder/build/sdcc-build/orig/sdcc/src/pic14/gen.c:2173:genCall
000B   ???? ????      00255         PAGESEL _LED_Init
gpasm-1.4.0 #1106 (Oct  6 2014) obj\Debug\mai   11-16-2020  18:20:45        PAGE  6


LOC    OBJECT CODE    LINE  SOURCE TEXT
  VALUE

                      00256 ;; >>> /home/sdcc-builder/build/sdcc-build/orig/sdcc/src/pic14/gen.c:2175:genCall
000D   2???           00257         CALL    _LED_Init
                      00258 ;; >>> /home/sdcc-builder/build/sdcc-build/orig/sdcc/src/pic14/gen.c:2181:genCall
000E   ???? ????      00259         PAGESEL $
                      00260 ;;; /home/sdcc-builder/build/sdcc-build/orig/sdcc/src/pic14/gen.c:1845:unsaveRegisters *{*
                      00261 ;; ***  unsaveRegisters  1847
                      00262 ;;; /home/sdcc-builder/build/sdcc-build/orig/sdcc/src/pic14/gen.c:2316:resultRemat *{*
                      00263 ;;; /home/sdcc-builder/build/sdcc-build/orig/sdcc/src/pic14/gen.c:2760:genLabel *{*
                      00264 ;; ***  genLabel  2763
                      00265 ;;; /home/sdcc-builder/build/sdcc-build/orig/sdcc/src/pic14/gen.c:2316:resultRemat *{*
                      00266 ;;; /home/sdcc-builder/build/sdcc-build/orig/sdcc/src/pic14/gen.c:2316:resultRemat *{*
                      00267 ;;; /home/sdcc-builder/build/sdcc-build/orig/sdcc/src/pic14/gen.c:2086:genCall *{*
                      00268 ;; ***  genCall  2088
                      00269 ;;; /home/sdcc-builder/build/sdcc-build/orig/sdcc/src/pic14/gen.c:1801:saveRegisters *{*
                      00270 ;; ***  saveRegisters  1803
                      00271 ;;      2135 left AOP_LIT
                      00272 ;;; /home/sdcc-builder/build/sdcc-build/orig/sdcc/src/pic14/gen.c:1343:mov2w_op *{*
                      00273 ;; >>> /home/sdcc-builder/build/sdcc-build/orig/sdcc/src/pic14/gen.c:1361:mov2w_op
0010                  00274 _00106_DS_
                      00275         .line   14; "main.c"    LED_Toggle(LED_2);
0010   3001           00276         MOVLW   0x01
                      00277 ;; >>> /home/sdcc-builder/build/sdcc-build/orig/sdcc/src/pic14/gen.c:2173:genCall
0011   ???? ????      00278         PAGESEL _LED_Toggle
                      00279 ;; >>> /home/sdcc-builder/build/sdcc-build/orig/sdcc/src/pic14/gen.c:2175:genCall
0013   2???           00280         CALL    _LED_Toggle
                      00281 ;; >>> /home/sdcc-builder/build/sdcc-build/orig/sdcc/src/pic14/gen.c:2181:genCall
0014   ???? ????      00282         PAGESEL $
                      00283 ;;; /home/sdcc-builder/build/sdcc-build/orig/sdcc/src/pic14/gen.c:1845:unsaveRegisters *{*
                      00284 ;; ***  unsaveRegisters  1847
                      00285 ;;; /home/sdcc-builder/build/sdcc-build/orig/sdcc/src/pic14/gen.c:2316:resultRemat *{*
                      00286 ;;; /home/sdcc-builder/build/sdcc-build/orig/sdcc/src/pic14/gen.c:2316:resultRemat *{*
                      00287 ;;; /home/sdcc-builder/build/sdcc-build/orig/sdcc/src/pic14/gen.c:2086:genCall *{*
                      00288 ;; ***  genCall  2088
                      00289 ;;; /home/sdcc-builder/build/sdcc-build/orig/sdcc/src/pic14/gen.c:1801:saveRegisters *{*
                      00290 ;; ***  saveRegisters  1803
                      00291 ;;      2135 left AOP_LIT
                      00292 ;;; /home/sdcc-builder/build/sdcc-build/orig/sdcc/src/pic14/gen.c:1343:mov2w_op *{*
                      00293 ;; >>> /home/sdcc-builder/build/sdcc-build/orig/sdcc/src/pic14/gen.c:1361:mov2w_op
                      00294         .line   15; "main.c"    LED_Toggle(LED_3);
0016   3002           00295         MOVLW   0x02
                      00296 ;; >>> /home/sdcc-builder/build/sdcc-build/orig/sdcc/src/pic14/gen.c:2173:genCall
0017   ???? ????      00297         PAGESEL _LED_Toggle
                      00298 ;; >>> /home/sdcc-builder/build/sdcc-build/orig/sdcc/src/pic14/gen.c:2175:genCall
0019   2???           00299         CALL    _LED_Toggle
                      00300 ;; >>> /home/sdcc-builder/build/sdcc-build/orig/sdcc/src/pic14/gen.c:2181:genCall
001A   ???? ????      00301         PAGESEL $
                      00302 ;;; /home/sdcc-builder/build/sdcc-build/orig/sdcc/src/pic14/gen.c:1845:unsaveRegisters *{*
                      00303 ;; ***  unsaveRegisters  1847
                      00304 ;;; /home/sdcc-builder/build/sdcc-build/orig/sdcc/src/pic14/gen.c:2316:resultRemat *{*
                      00305 ;;; /home/sdcc-builder/build/sdcc-build/orig/sdcc/src/pic14/gen.c:2316:resultRemat *{*
                      00306 ;;; /home/sdcc-builder/build/sdcc-build/orig/sdcc/src/pic14/gen.c:2086:genCall *{*
                      00307 ;; ***  genCall  2088
                      00308 ;;; /home/sdcc-builder/build/sdcc-build/orig/sdcc/src/pic14/gen.c:1801:saveRegisters *{*
gpasm-1.4.0 #1106 (Oct  6 2014) obj\Debug\mai   11-16-2020  18:20:45        PAGE  7


LOC    OBJECT CODE    LINE  SOURCE TEXT
  VALUE

                      00309 ;; ***  saveRegisters  1803
                      00310 ;;      2135 left AOP_LIT
                      00311 ;;; /home/sdcc-builder/build/sdcc-build/orig/sdcc/src/pic14/gen.c:1343:mov2w_op *{*
                      00312 ;; >>> /home/sdcc-builder/build/sdcc-build/orig/sdcc/src/pic14/gen.c:1361:mov2w_op
                      00313         .line   16; "main.c"    Delay_MS(LED_DELAY_MS);
001C   30E8           00314         MOVLW   0xe8
                      00315 ;;      2135 left AOP_LIT
                      00316 ;; >>> /home/sdcc-builder/build/sdcc-build/orig/sdcc/src/pic14/gen.c:2143:genCall
                      00317 ;; ***  popRegFromIdx,1042  , rIdx=0x7f
001D   00??           00318         MOVWF   STK00
                      00319 ;;; /home/sdcc-builder/build/sdcc-build/orig/sdcc/src/pic14/gen.c:1343:mov2w_op *{*
                      00320 ;; >>> /home/sdcc-builder/build/sdcc-build/orig/sdcc/src/pic14/gen.c:1361:mov2w_op
001E   3003           00321         MOVLW   0x03
                      00322 ;; >>> /home/sdcc-builder/build/sdcc-build/orig/sdcc/src/pic14/gen.c:2173:genCall
001F   ???? ????      00323         PAGESEL _Delay_MS
                      00324 ;; >>> /home/sdcc-builder/build/sdcc-build/orig/sdcc/src/pic14/gen.c:2175:genCall
0021   2???           00325         CALL    _Delay_MS
                      00326 ;; >>> /home/sdcc-builder/build/sdcc-build/orig/sdcc/src/pic14/gen.c:2181:genCall
0022   ???? ????      00327         PAGESEL $
                      00328 ;;; /home/sdcc-builder/build/sdcc-build/orig/sdcc/src/pic14/gen.c:1845:unsaveRegisters *{*
                      00329 ;; ***  unsaveRegisters  1847
                      00330 ;;; /home/sdcc-builder/build/sdcc-build/orig/sdcc/src/pic14/gen.c:2316:resultRemat *{*
                      00331 ;;; /home/sdcc-builder/build/sdcc-build/orig/sdcc/src/pic14/gen.c:2778:genGoto *{*
                      00332 ;; >>> /home/sdcc-builder/build/sdcc-build/orig/sdcc/src/pic14/gen.c:2780:genGoto
                      00333 ;; ***  popGetLabel  key=2, label offset 4
0024   2???           00334         GOTO    _00106_DS_
                      00335 ;;; /home/sdcc-builder/build/sdcc-build/orig/sdcc/src/pic14/gen.c:2316:resultRemat *{*
                      00336 ;;; /home/sdcc-builder/build/sdcc-build/orig/sdcc/src/pic14/gen.c:2760:genLabel *{*
                      00337 ;; ***  genLabel  2763
                      00338 ;;; /home/sdcc-builder/build/sdcc-build/orig/sdcc/src/pic14/gen.c:2316:resultRemat *{*
                      00339 ;;; /home/sdcc-builder/build/sdcc-build/orig/sdcc/src/pic14/gen.c:2528:genEndFunction *{*
                      00340 ;; ***  genEndFunction  2530
0025   0008           00341         RETURN  
                      00342 ; exit point of _main
                      00343 
                      00344 
                      00345 ;       code size estimation:
                      00346 ;          18+   10 =    28 instructions (   76 byte)
                      00347 
                      00348         end
gpasm-1.4.0 #1106 (Oct  6 2014) obj\Debug\mai   11-16-2020  18:20:45        PAGE  8


SYMBOL TABLE
  LABEL                             VALUE

ACKDT                             00000005
ACKEN                             00000004
ACKSTAT                           00000006
ADCON0                            0000001F
ADCON1                            0000009F
ADCS0                             00000006
ADCS1                             00000007
ADCS2                             00000006
ADDEN                             00000003
ADFM                              00000007
ADIE                              00000006
ADIF                              00000006
ADON                              00000000
ADRESH                            0000001E
ADRESL                            0000009E
BCLIE                             00000003
BCLIF                             00000003
BF                                00000000
BRGH                              00000002
C                                 00000000
C1INV                             00000004
C1OUT                             00000006
C2INV                             00000005
C2OUT                             00000007
CCP1CON                           00000017
CCP1IE                            00000002
CCP1IF                            00000002
CCP1M0                            00000000
CCP1M1                            00000001
CCP1M2                            00000002
CCP1M3                            00000003
CCP1X                             00000005
CCP1Y                             00000004
CCP2CON                           0000001D
CCP2IE                            00000000
CCP2IF                            00000000
CCP2M0                            00000000
CCP2M1                            00000001
CCP2M2                            00000002
CCP2M3                            00000003
CCP2X                             00000005
CCP2Y                             00000004
CCPR1                             00000015
CCPR1H                            00000016
CCPR1L                            00000015
CCPR2                             0000001B
CCPR2H                            0000001C
CCPR2L                            0000001B
CHS0                              00000003
CHS1                              00000004
CHS2                              00000005
CIS                               00000003
CKE                               00000006
gpasm-1.4.0 #1106 (Oct  6 2014) obj\Debug\mai   11-16-2020  18:20:45        PAGE  9


SYMBOL TABLE
  LABEL                             VALUE 

CKP                               00000004
CM0                               00000000
CM1                               00000001
CM2                               00000002
CMCON                             0000009C
CMIE                              00000006
CMIF                              00000006
CREN                              00000004
CSRC                              00000007
CVR0                              00000000
CVR1                              00000001
CVR2                              00000002
CVR3                              00000003
CVRCON                            0000009D
CVREN                             00000007
CVROE                             00000006
CVRR                              00000005
D                                 00000005
DATA_ADDRESS                      00000005
DC                                00000001
D_A                               00000005
D_NOT_A                           00000005
EEADR                             0000010D
EEADRH                            0000010F
EECON1                            0000018C
EECON2                            0000018D
EEDATA                            0000010C
EEDATH                            0000010E
EEIE                              00000004
EEIF                              00000004
EEPGD                             00000007
F                                 00000001
FERR                              00000002
FSR                               00000004
GCEN                              00000007
GIE                               00000007
GO                                00000002
GO_DONE                           00000002
GO_NOT_DONE                       00000002
I2C_DATA                          00000005
I2C_READ                          00000002
I2C_START                         00000003
I2C_STOP                          00000004
IBF                               00000007
IBOV                              00000005
INDF                              00000000
INTCON                            0000000B
INTE                              00000004
INTEDG                            00000006
INTF                              00000001
IRP                               00000007
NOT_A                             00000005
NOT_ADDRESS                       00000005
gpasm-1.4.0 #1106 (Oct  6 2014) obj\Debug\mai   11-16-2020  18:20:45        PAGE 10


SYMBOL TABLE
  LABEL                             VALUE 

NOT_BO                            00000000
NOT_BOR                           00000000
NOT_DONE                          00000002
NOT_PD                            00000003
NOT_POR                           00000001
NOT_RBPU                          00000007
NOT_RC8                           00000006
NOT_T1SYNC                        00000002
NOT_TO                            00000004
NOT_TX8                           00000006
NOT_W                             00000002
NOT_WRITE                         00000002
OBF                               00000006
OERR                              00000001
OPTION_REG                        00000081
P                                 00000004
PCFG0                             00000000
PCFG1                             00000001
PCFG2                             00000002
PCFG3                             00000003
PCL                               00000002
PCLATH                            0000000A
PCON                              0000008E
PEIE                              00000006
PEN                               00000002
PIE1                              0000008C
PIE2                              0000008D
PIR1                              0000000C
PIR2                              0000000D
PORTA                             00000005
PORTB                             00000006
PORTC                             00000007
PORTD                             00000008
PORTE                             00000009
PR2                               00000092
PS0                               00000000
PS1                               00000001
PS2                               00000002
PSA                               00000003
PSAVE                             00000070
PSPIE                             00000007
PSPIF                             00000007
PSPMODE                           00000004
R                                 00000002
RA0                               00000000
RA1                               00000001
RA2                               00000002
RA3                               00000003
RA4                               00000004
RA5                               00000005
RB0                               00000000
RB1                               00000001
RB2                               00000002
gpasm-1.4.0 #1106 (Oct  6 2014) obj\Debug\mai   11-16-2020  18:20:45        PAGE 11


SYMBOL TABLE
  LABEL                             VALUE 

RB3                               00000003
RB4                               00000004
RB5                               00000005
RB6                               00000006
RB7                               00000007
RBIE                              00000003
RBIF                              00000000
RC0                               00000000
RC1                               00000001
RC2                               00000002
RC3                               00000003
RC4                               00000004
RC5                               00000005
RC6                               00000006
RC7                               00000007
RC8_9                             00000006
RC9                               00000006
RCD8                              00000000
RCEN                              00000003
RCIE                              00000005
RCIF                              00000005
RCREG                             0000001A
RCSTA                             00000018
RD                                00000000
RD0                               00000000
RD1                               00000001
RD2                               00000002
RD3                               00000003
RD4                               00000004
RD5                               00000005
RD6                               00000006
RD7                               00000007
RE0                               00000000
RE1                               00000001
RE2                               00000002
READ_WRITE                        00000002
RP0                               00000005
RP1                               00000006
RSEN                              00000001
RX9                               00000006
RX9D                              00000000
R_NOT_W                           00000002
R_W                               00000002
S                                 00000003
SEN                               00000000
SMP                               00000007
SPBRG                             00000099
SPEN                              00000007
SREN                              00000005
SSAVE                             00000071
SSPADD                            00000093
SSPBUF                            00000013
SSPCON                            00000014
gpasm-1.4.0 #1106 (Oct  6 2014) obj\Debug\mai   11-16-2020  18:20:45        PAGE 12


SYMBOL TABLE
  LABEL                             VALUE 

SSPCON2                           00000091
SSPEN                             00000005
SSPIE                             00000003
SSPIF                             00000003
SSPM0                             00000000
SSPM1                             00000001
SSPM2                             00000002
SSPM3                             00000003
SSPOV                             00000006
SSPSTAT                           00000094
STATUS                            00000003
STK00                             0000007F
STK01                             0000007E
STK02                             0000007D
STK03                             0000007C
STK04                             0000007B
STK05                             0000007A
STK06                             00000079
STK07                             00000078
STK08                             00000077
STK09                             00000076
STK10                             00000075
STK11                             00000074
STK12                             00000073
SYNC                              00000004
T0CS                              00000005
T0IE                              00000005
T0IF                              00000002
T0SE                              00000004
T1CKPS0                           00000004
T1CKPS1                           00000005
T1CON                             00000010
T1INSYNC                          00000002
T1OSCEN                           00000003
T1SYNC                            00000002
T2CKPS0                           00000000
T2CKPS1                           00000001
T2CON                             00000012
TMR0                              00000001
TMR0IE                            00000005
TMR0IF                            00000002
TMR1                              0000000E
TMR1CS                            00000001
TMR1H                             0000000F
TMR1IE                            00000000
TMR1IF                            00000000
TMR1L                             0000000E
TMR1ON                            00000000
TMR2                              00000011
TMR2IE                            00000001
TMR2IF                            00000001
TMR2ON                            00000002
TOUTPS0                           00000003
gpasm-1.4.0 #1106 (Oct  6 2014) obj\Debug\mai   11-16-2020  18:20:45        PAGE 13


SYMBOL TABLE
  LABEL                             VALUE 

TOUTPS1                           00000004
TOUTPS2                           00000005
TOUTPS3                           00000006
TRISA                             00000085
TRISA0                            00000000
TRISA1                            00000001
TRISA2                            00000002
TRISA3                            00000003
TRISA4                            00000004
TRISA5                            00000005
TRISB                             00000086
TRISB0                            00000000
TRISB1                            00000001
TRISB2                            00000002
TRISB3                            00000003
TRISB4                            00000004
TRISB5                            00000005
TRISB6                            00000006
TRISB7                            00000007
TRISC                             00000087
TRISC0                            00000000
TRISC1                            00000001
TRISC2                            00000002
TRISC3                            00000003
TRISC4                            00000004
TRISC5                            00000005
TRISC6                            00000006
TRISC7                            00000007
TRISD                             00000088
TRISD0                            00000000
TRISD1                            00000001
TRISD2                            00000002
TRISD3                            00000003
TRISD4                            00000004
TRISD5                            00000005
TRISD6                            00000006
TRISD7                            00000007
TRISE                             00000089
TRISE0                            00000000
TRISE1                            00000001
TRISE2                            00000002
TRMT                              00000001
TX8_9                             00000006
TX9                               00000006
TX9D                              00000000
TXD8                              00000000
TXEN                              00000005
TXIE                              00000004
TXIF                              00000004
TXREG                             00000019
TXSTA                             00000098
UA                                00000001
W                                 00000000
gpasm-1.4.0 #1106 (Oct  6 2014) obj\Debug\mai   11-16-2020  18:20:45        PAGE 14


SYMBOL TABLE
  LABEL                             VALUE 

WCOL                              00000007
WR                                00000001
WREN                              00000002
WRERR                             00000003
WSAVE                             00000072
Z                                 00000002
_00106_DS_                        00000010
_ADCON0                           00000000
_ADCON0bits                       00000000
_ADCON1                           00000000
_ADCON1bits                       00000000
_ADRESH                           00000000
_ADRESL                           00000000
_BODEN_OFF                        00003FBF
_BODEN_ON                         00003FFF
_BOREN_OFF                        00003FBF
_BOREN_ON                         00003FFF
_CCP1CON                          00000000
_CCP1CONbits                      00000000
_CCP2CON                          00000000
_CCP2CONbits                      00000000
_CCPR1                            00000000
_CCPR1H                           00000000
_CCPR1L                           00000000
_CCPR2                            00000000
_CCPR2H                           00000000
_CCPR2L                           00000000
_CMCON                            00000000
_CMCONbits                        00000000
_CONFIG                           00002007
_CPD_OFF                          00003FFF
_CPD_ON                           00003EFF
_CP_ALL                           00001FFF
_CP_OFF                           00003FFF
_CP_ON                            00001FFF
_CVRCON                           00000000
_CVRCONbits                       00000000
_DEBUG_OFF                        00003FFF
_DEBUG_ON                         000037FF
_DEVID1                           00002006
_Delay_MS                         00000000
_EEADR                            00000000
_EEADRH                           00000000
_EECON1                           00000000
_EECON1bits                       00000000
_EECON2                           00000000
_EEDATA                           00000000
_EEDATH                           00000000
_FOSC_EXTRC                       00003FFF
_FOSC_HS                          00003FFE
_FOSC_LP                          00003FFC
_FOSC_XT                          00003FFD
_FSR                              00000000
gpasm-1.4.0 #1106 (Oct  6 2014) obj\Debug\mai   11-16-2020  18:20:45        PAGE 15


SYMBOL TABLE
  LABEL                             VALUE 

_HS_OSC                           00003FFE
_IDLOC0                           00002000
_IDLOC1                           00002001
_IDLOC2                           00002002
_IDLOC3                           00002003
_INDF                             00000000
_INTCON                           00000000
_INTCONbits                       00000000
_LED_GetState                     00000000
_LED_Init                         00000000
_LED_Toggle                       00000000
_LP_OSC                           00003FFC
_LVP_OFF                          00003F7F
_LVP_ON                           00003FFF
_OPTION_REG                       00000000
_OPTION_REGbits                   00000000
_PCL                              00000000
_PCLATH                           00000000
_PCON                             00000000
_PCONbits                         00000000
_PIE1                             00000000
_PIE1bits                         00000000
_PIE2                             00000000
_PIE2bits                         00000000
_PIR1                             00000000
_PIR1bits                         00000000
_PIR2                             00000000
_PIR2bits                         00000000
_PORTA                            00000000
_PORTAbits                        00000000
_PORTB                            00000000
_PORTBbits                        00000000
_PORTC                            00000000
_PORTCbits                        00000000
_PORTD                            00000000
_PORTDbits                        00000000
_PORTE                            00000000
_PORTEbits                        00000000
_PR2                              00000000
_PWRTE_OFF                        00003FFF
_PWRTE_ON                         00003FF7
_RCREG                            00000000
_RCSTA                            00000000
_RCSTAbits                        00000000
_RC_OSC                           00003FFF
_SET_State                        00000000
_SPBRG                            00000000
_SSPADD                           00000000
_SSPBUF                           00000000
_SSPCON                           00000000
_SSPCON2                          00000000
_SSPCON2bits                      00000000
_SSPCONbits                       00000000
gpasm-1.4.0 #1106 (Oct  6 2014) obj\Debug\mai   11-16-2020  18:20:45        PAGE 16


SYMBOL TABLE
  LABEL                             VALUE 

_SSPSTAT                          00000000
_SSPSTATbits                      00000000
_STATUS                           00000000
_STATUSbits                       00000000
_T1CON                            00000000
_T1CONbits                        00000000
_T2CON                            00000000
_T2CONbits                        00000000
_TMR0                             00000000
_TMR1                             00000000
_TMR1H                            00000000
_TMR1L                            00000000
_TMR2                             00000000
_TRISA                            00000000
_TRISAbits                        00000000
_TRISB                            00000000
_TRISBbits                        00000000
_TRISC                            00000000
_TRISCbits                        00000000
_TRISD                            00000000
_TRISDbits                        00000000
_TRISE                            00000000
_TRISEbits                        00000000
_TXREG                            00000000
_TXSTA                            00000000
_TXSTAbits                        00000000
_WDTE_OFF                         00003FFB
_WDTE_ON                          00003FFF
_WDT_OFF                          00003FFB
_WDT_ON                           00003FFF
_WRT_1FOURTH                      00003BFF
_WRT_256                          00003DFF
_WRT_HALF                         000039FF
_WRT_OFF                          00003FFF
_XT_OSC                           00003FFD
__16F877A                         00000001
__CODE_END                        00001FFF
__CODE_START                      00000000
__COMMON_RAM_END                  0000007F
__COMMON_RAM_START                00000070
__EEPROM_END                      000021FF
__EEPROM_START                    00002100
__VECTOR_INT                      00000004
__VECTOR_RESET                    00000000
__sdcc_gsinit_startup             00000000
_code_main_0006                   00000006
_code_main_000E                   0000000E
_code_main_0014                   00000014
_code_main_001A                   0000001A
_code_main_0022                   00000022
_main                             00000000

Errors   :     0
gpasm-1.4.0 #1106 (Oct  6 2014) obj\Debug\mai   11-16-2020  18:20:45        PAGE 17




Warnings :     0 reported,     0 suppressed
Messages :     0 reported,     0 suppressed

